[10:29:05] [main/INFO] [LaunchWrapper]: Loading tweak class name net.minecraftforge.fml.common.launcher.FMLServerTweaker
[10:29:05] [main/INFO] [LaunchWrapper]: Using primary tweak class name net.minecraftforge.fml.common.launcher.FMLServerTweaker
[10:29:05] [main/INFO] [LaunchWrapper]: Calling tweak class net.minecraftforge.fml.common.launcher.FMLServerTweaker
[10:29:05] [main/DEBUG] [FML]: Injecting tracing printstreams for STDOUT/STDERR.
[10:29:05] [main/INFO] [FML]: Forge Mod Loader version 14.23.5.2860 for Minecraft 1.12.2 loading
[10:29:05] [main/INFO] [FML]: Java is Java HotSpot(TM) 64-Bit Server VM, version 1.8.0_341, running on Linux:amd64:3.10.0-1160.80.1.el7.x86_64, installed at /usr/lib/java/jdk1.8.0_341/jre
[10:29:05] [main/DEBUG] [FML]: Java classpath at launch is:
[10:29:05] [main/DEBUG] [FML]:     /usr/local/minecraft/forge-1.12.2-14.23.5.2860.jar
[10:29:05] [main/DEBUG] [FML]: Java library path at launch is:
[10:29:05] [main/DEBUG] [FML]:     /usr/java/packages/lib/amd64
[10:29:05] [main/DEBUG] [FML]:     /usr/lib64
[10:29:05] [main/DEBUG] [FML]:     /lib64
[10:29:05] [main/DEBUG] [FML]:     /lib
[10:29:05] [main/DEBUG] [FML]:     /usr/lib
[10:29:05] [main/DEBUG] [FML]: Determined Minecraft Libraries Root: /usr/local/minecraft/libraries
[10:29:05] [main/DEBUG] [FML]: Enabling runtime deobfuscation
[10:29:05] [main/DEBUG] [FML]: Instantiating coremod class FMLCorePlugin
[10:29:05] [main/DEBUG] [FML]: Found signing certificates for coremod FMLCorePlugin (net.minecraftforge.fml.relauncher.FMLCorePlugin)
[10:29:05] [main/DEBUG] [FML]: Found certificate e3c3d50c7c986df74c645c0ac54639741c90a557
[10:29:05] [main/DEBUG] [FML]: Added access transformer class net.minecraftforge.fml.common.asm.transformers.AccessTransformer to enqueued access transformers
[10:29:05] [main/DEBUG] [FML]: Enqueued coremod FMLCorePlugin
[10:29:05] [main/DEBUG] [FML]: Instantiating coremod class FMLForgePlugin
[10:29:05] [main/DEBUG] [FML]: Found signing certificates for coremod FMLForgePlugin (net.minecraftforge.classloading.FMLForgePlugin)
[10:29:05] [main/DEBUG] [FML]: Found certificate e3c3d50c7c986df74c645c0ac54639741c90a557
[10:29:05] [main/DEBUG] [FML]: Enqueued coremod FMLForgePlugin
[10:29:05] [main/DEBUG] [FML]: All fundamental core mods are successfully located
[10:29:05] [main/DEBUG] [FML]: Discovering coremods
[10:29:05] [main/INFO] [FML]: Searching /usr/local/gitRepo/dasServer/./mods for mods
[10:29:05] [main/INFO] [LaunchWrapper]: Loading tweak class name net.minecraftforge.fml.common.launcher.FMLInjectionAndSortingTweaker
[10:29:05] [main/INFO] [LaunchWrapper]: Loading tweak class name net.minecraftforge.fml.common.launcher.FMLDeobfTweaker
[10:29:05] [main/INFO] [LaunchWrapper]: Calling tweak class net.minecraftforge.fml.common.launcher.FMLInjectionAndSortingTweaker
[10:29:05] [main/INFO] [LaunchWrapper]: Calling tweak class net.minecraftforge.fml.common.launcher.FMLInjectionAndSortingTweaker
[10:29:05] [main/INFO] [LaunchWrapper]: Calling tweak class net.minecraftforge.fml.relauncher.CoreModManager$FMLPluginWrapper
[10:29:05] [main/DEBUG] [FML]: Injecting coremod FMLCorePlugin \{net.minecraftforge.fml.relauncher.FMLCorePlugin\} class transformers
[10:29:05] [main/TRACE] [FML]: Registering transformer net.minecraftforge.fml.common.asm.transformers.SideTransformer
[10:29:05] [main/TRACE] [FML]: Registering transformer net.minecraftforge.fml.common.asm.transformers.EventSubscriptionTransformer
[10:29:05] [main/TRACE] [FML]: Registering transformer net.minecraftforge.fml.common.asm.transformers.EventSubscriberTransformer
[10:29:05] [main/TRACE] [FML]: Registering transformer net.minecraftforge.fml.common.asm.transformers.SoundEngineFixTransformer
[10:29:05] [main/DEBUG] [FML]: Injection complete
[10:29:05] [main/DEBUG] [FML]: Running coremod plugin for FMLCorePlugin \{net.minecraftforge.fml.relauncher.FMLCorePlugin\}
[10:29:05] [main/DEBUG] [FML]: Running coremod plugin FMLCorePlugin
[10:29:07] [main/DEBUG] [FML]: Read 1154 binary patches
[10:29:07] [main/DEBUG] [FML]: Loading deobfuscation resource /deobfuscation_data-1.12.2.lzma with 36076 records
[10:29:07] [main/INFO] [FML]: Found valid fingerprint for Minecraft Forge. Certificate fingerprint e3c3d50c7c986df74c645c0ac54639741c90a557
[10:29:07] [main/DEBUG] [FML]: Coremod plugin class FMLCorePlugin run successfully
[10:29:07] [main/INFO] [LaunchWrapper]: Calling tweak class net.minecraftforge.fml.relauncher.CoreModManager$FMLPluginWrapper
[10:29:07] [main/DEBUG] [FML]: Injecting coremod FMLForgePlugin \{net.minecraftforge.classloading.FMLForgePlugin\} class transformers
[10:29:07] [main/DEBUG] [FML]: Injection complete
[10:29:07] [main/DEBUG] [FML]: Running coremod plugin for FMLForgePlugin \{net.minecraftforge.classloading.FMLForgePlugin\}
[10:29:07] [main/DEBUG] [FML]: Running coremod plugin FMLForgePlugin
[10:29:07] [main/DEBUG] [FML]: Coremod plugin class FMLForgePlugin run successfully
[10:29:07] [main/INFO] [LaunchWrapper]: Calling tweak class net.minecraftforge.fml.common.launcher.FMLDeobfTweaker
[10:29:07] [main/DEBUG] [FML]: Loaded 215 rules from AccessTransformer config file forge_at.cfg
[10:29:07] [main/DEBUG] [FML]: Validating minecraft
[10:29:08] [main/DEBUG] [FML]: Minecraft validated, launching...
[10:29:08] [main/INFO] [LaunchWrapper]: Loading tweak class name net.minecraftforge.fml.common.launcher.TerminalTweaker
[10:29:08] [main/INFO] [LaunchWrapper]: Calling tweak class net.minecraftforge.fml.common.launcher.TerminalTweaker
[10:29:08] [main/INFO] [LaunchWrapper]: Launching wrapped minecraft {net.minecraft.server.MinecraftServer}
[10:29:08] [main/WARN] [net.minecraft.server.ServerEula]: Failed to load eula.txt
[10:29:08] [main/INFO] [net.minecraft.server.MinecraftServer]: You need to agree to the EULA in order to run the server. Go to eula.txt for more info.
